n/1642100701499.png
n/1642100701568.png
n/1642100701560.png
n/1642100701537.jpg
n/1642100701529.jpg
n/1642100701561.jpg
n/1642100701528.jpg
n/1642100701525.png
n/1642100701514.png
n/1642100701554.jpg
n/1642100701544.jpg
n/1642100701565.png
n/1642100701555.jpg
n/1642100701515.png
n/1642100701503.jpg
n/1642100701580.jpg
n/1642100701502.png
n/1642100701508.jpg
n/1642100701492.jpg
n/1642100701527.png
n/1642100701498.jpg
n/1642100701578.jpg
n/1642100701553.png
n/1642100701541.png
n/1642100701519.jpg
n/1642100701509.jpg
n/1642100701536.jpg
n/1642100701547.jpg
n/1642100701505.jpg
n/1642100701551.jpg
n/1642100701490.jpg
n/1642100701562.jpg
n/1642100701507.png
n/1642100701542.png
n/1642100701518.jpg
n/1642100701526.png
n/1642100701511.jpg
n/1642100701549.jpg
n/1642100701539.jpg
n/1642100701493.jpg
n/1642100701513.jpg
n/1642100701530.png
n/1642100701516.png
n/1642100701577.png
n/1642100701567.png
n/1642100701559.jpg
n/1642100701506.png
n/1642100701520.jpg
n/1642100701521.jpg
n/1642100701556.jpg
n/1642100701501.jpg
n/1642100701571.jpg
n/1642100701558.png
n/1642100701497.jpg
n/1642100701557.jpg
n/1642100701495.png
n/1642100701531.png
n/RASTGELE.jpg
n/1642100701569.png
n/1642100701564.png
n/1642100701491.jpg
n/1642100701566.png
n/1642100701523.jpg
n/1642100701552.jpeg
n/1642100701533.png
n/1642100701550.jpg
n/1642100701546.jpg
n/1642100701532.jpg
n/1642100701534.jpg
n/1642100701543.jpg
n/1642100701538.jpg
n/1642100701524.png
n/1642100701573.jpg
n/1642100701540.jpg
n/1642100701570.jpg
n/1642100701545.jpeg
n/1642100701522.jpg
n/1642100701574.jpg
n/1642100701512.jpg
n/1642100701548.jpg
n/1642100701496.jpg
n/1642100701579.jpg
n/1642100701535.jpg
n/1642100701563.png
n/1642100701572.jpg
n/1642100701576.jpg