p/1642413350167.jpg 1 0 0 1568 1646
p/1642413350132.png 1 0 0 704 1000
p/1642413350141.jpg 1 0 0 1024 768
p/1642413350140.png 1 0 0 752 564
p/1642413350171.jpg 1 0 0 490 490
p/1642413350139.png 1 0 0 850 661
p/1642413350168.jpg 1 0 0 463 777
p/1642413350154.jpg 1 0 0 1280 720
p/1642413350136.jpg 1 0 0 800 600
p/1642413350126.jpg 1 0 0 334 500
p/1642413350145.png 1 0 0 240 300
p/1642413350144.jpg 1 0 0 600 430
p/1642413350161.jpg 1 0 0 523 900
p/1642413350149.jpg 1 0 0 251 308
p/1642413350169.jpg 1 0 0 447 671
p/1642413350170.jpg 1 0 0 933 897
p/1642413350143.jpg 1 0 0 1319 1700
p/1642413350155.jpg 1 0 0 1200 1600
p/1642413350133.jpg 1 0 0 338 302
p/1642413350148.png 1 0 0 820 474
p/1642413350159.jpg 1 0 0 260 280
p/1642413350162.jpg 1 0 0 251 308
p/1642413350146.png 1 0 0 800 800
p/1642413350164.jpg 1 0 0 1500 1500
p/1642413350135.jpg 1 0 0 763 1079
p/1642413350129.jpg 1 0 0 500 500
p/1642413350158.png 1 0 0 256 256
p/1642413350156.jpg 1 0 0 691 691
p/1642413350172.jpg 1 0 0 490 490
p/1642413350137.jpg 1 0 0 781 547
p/1642413350165.jpg 1 0 0 700 1080
p/1642413350163.png 1 0 0 750 750
p/1642413350131.png 1 0 0 1200 1200
p/1642413350152.png 1 0 0 1280 1280
p/1642413350147.jpg 1 0 0 660 660
p/1642413350157.jpg 1 0 0 660 660
p/1642413350150.png 1 0 0 750 750
p/1642413350153.jpg 1 0 0 600 620
p/1642413350151.jpg 1 0 0 612 612
p/1642413350128.jpg 1 0 0 612 612
p/1642413350166.jpg 1 0 0 1000 1080
p/1642413350160.jpg 1 0 0 260 280
p/1642222390819.jpg 1 0 0 269 280
p/1642222390789.jpg 1 0 0 241 227
p/1642222390821.jpg 1 0 0 1023 921
p/1642222390791.jpg 1 0 0 1600 1600
p/1642222390792.jpg 1 0 0 626 626
p/1642222390818.jpg 1 0 0 640 640
p/1642222390806.jpg 1 0 0 1800 1200
p/1642222390794.png 1 0 0 250 250
p/1642222390796.jpg 1 0 0 500 520
p/1642222390783.jpg 1 0 0 661 1023
p/1642222390809.jpg 1 0 0 499 519
p/1642222390813.jpg 1 0 0 1300 1389
p/1642222390793.jpg 1 0 0 1500 1000
p/1642222390812.jpg 1 0 0 1300 956
p/1642222390800.jpg 1 0 0 1600 1156
p/1642222390803.jpg 1 0 0 1300 956
p/1642222390805.jpg 1 0 0 1024 1024
p/1642222390820.jpg 1 0 0 642 980
p/1642222390785.jpg 1 0 0 408 272
p/1642222390802.jpg 1 0 0 478 359
p/1642222390808.jpg 1 0 0 1024 683
p/1642222390807.jpg 1 0 0 1624 1624
p/1642222390817.png 1 0 0 300 300
p/1642222390810.jpg 1 0 0 398 612
p/1642222390801.jpg 1 0 0 500 487
p/1642222390798.jpg 1 0 0 600 620
p/1642222390814.jpg 1 0 0 289 280
p/1642222390799.jpg 1 0 0 1024 1024
p/1642222390815.jpg 1 0 0 1500 1450
p/1642222390811.png 1 0 0 960 960
p/1642222390817.jpg 1 0 0 660 660
p/1642222390797.png 1 0 0 720 720
p/1642222390786.png 1 0 0 768 768
p/1642222390787.png 1 0 0 2147 2147
p/1642222390790.jpg 1 0 0 800 800
p/1642222390811.jpg 1 0 0 1000 1080